12, 11, 2017 (09:34:51): Opening rpy file C:\Program Files (x86)\IBM\Rational\Rhapsody Modeler\7.5\Share\Properties\PredefinedTypes.sbs
12, 11, 2017 (09:34:51): 
 Started loading C:\Program Files (x86)\IBM\Rational\Rhapsody Modeler\7.5\Share\Properties\PredefinedTypes.sbs on Monday, December 11, 2017 (09:34:51).-

12, 11, 2017 (09:34:51): 

Starting inUnit resolution phase


12, 11, 2017 (09:34:51): 

Finished inUnit resolution phase


12, 11, 2017 (09:34:51): 
 Finished loading C:\Program Files (x86)\IBM\Rational\Rhapsody Modeler\7.5\Share\Properties\PredefinedTypes.sbs on Monday, December 11, 2017 (09:34:51).-

12, 11, 2017 (09:34:51): Opening rpy file C:\Program Files (x86)\IBM\Rational\Rhapsody Modeler\7.5\Share\Properties\PredefinedTypesC++.sbs
12, 11, 2017 (09:34:51): 
 Started loading C:\Program Files (x86)\IBM\Rational\Rhapsody Modeler\7.5\Share\Properties\PredefinedTypesC++.sbs on Monday, December 11, 2017 (09:34:51).-

12, 11, 2017 (09:34:51): 

Starting inUnit resolution phase


12, 11, 2017 (09:34:51): 

Finished inUnit resolution phase


12, 11, 2017 (09:34:51): 
 Finished loading C:\Program Files (x86)\IBM\Rational\Rhapsody Modeler\7.5\Share\Properties\PredefinedTypesC++.sbs on Monday, December 11, 2017 (09:34:51).-

12, 11, 2017 (09:34:51): Opening rpy file E:\CURR_PROJ_LINKS\1 환퍤휋\휋푚퐕췙켚STUDYHOOD_PROJECT\RHAPSODY\STUDYHOOD\Studyhood.rpy
12, 11, 2017 (09:34:51): 
 Started loading E:\CURR_PROJ_LINKS\1 환퍤휋\휋푚퐕췙켚STUDYHOOD_PROJECT\RHAPSODY\STUDYHOOD\Studyhood.rpy on Monday, December 11, 2017 (09:34:51).-

12, 11, 2017 (09:34:51): Opening rpy file E:\CURR_PROJ_LINKS\1 환퍤휋\휋푚퐕췙켚STUDYHOOD_PROJECT\RHAPSODY\STUDYHOOD\Studyhood_rpy\Default.sbs
12, 11, 2017 (09:34:51): 
 Started loading E:\CURR_PROJ_LINKS\1 환퍤휋\휋푚퐕췙켚STUDYHOOD_PROJECT\RHAPSODY\STUDYHOOD\Studyhood_rpy\Default.sbs on Monday, December 11, 2017 (09:34:51).-

12, 11, 2017 (09:34:51): 

Starting inUnit resolution phase


12, 11, 2017 (09:34:51): 

Finished inUnit resolution phase


12, 11, 2017 (09:34:51): 
 Finished loading E:\CURR_PROJ_LINKS\1 환퍤휋\휋푚퐕췙켚STUDYHOOD_PROJECT\RHAPSODY\STUDYHOOD\Studyhood_rpy\Default.sbs on Monday, December 11, 2017 (09:34:51).-

12, 11, 2017 (09:34:51): Opening rpy file E:\CURR_PROJ_LINKS\1 환퍤휋\휋푚퐕췙켚STUDYHOOD_PROJECT\RHAPSODY\STUDYHOOD\Studyhood_rpy\Server.sbs
12, 11, 2017 (09:34:51): 
 Started loading E:\CURR_PROJ_LINKS\1 환퍤휋\휋푚퐕췙켚STUDYHOOD_PROJECT\RHAPSODY\STUDYHOOD\Studyhood_rpy\Server.sbs on Monday, December 11, 2017 (09:34:51).-

12, 11, 2017 (09:34:51): 

Starting inUnit resolution phase


12, 11, 2017 (09:34:51): 

Finished inUnit resolution phase


12, 11, 2017 (09:34:51): 
 Finished loading E:\CURR_PROJ_LINKS\1 환퍤휋\휋푚퐕췙켚STUDYHOOD_PROJECT\RHAPSODY\STUDYHOOD\Studyhood_rpy\Server.sbs on Monday, December 11, 2017 (09:34:51).-

12, 11, 2017 (09:34:51): Opening rpy file E:\CURR_PROJ_LINKS\1 환퍤휋\휋푚퐕췙켚STUDYHOOD_PROJECT\RHAPSODY\STUDYHOOD\Studyhood_rpy\Client.sbs
12, 11, 2017 (09:34:51): 
 Started loading E:\CURR_PROJ_LINKS\1 환퍤휋\휋푚퐕췙켚STUDYHOOD_PROJECT\RHAPSODY\STUDYHOOD\Studyhood_rpy\Client.sbs on Monday, December 11, 2017 (09:34:51).-

12, 11, 2017 (09:34:51): 

Starting inUnit resolution phase


12, 11, 2017 (09:34:51): 

Finished inUnit resolution phase


12, 11, 2017 (09:34:51): 
 Finished loading E:\CURR_PROJ_LINKS\1 환퍤휋\휋푚퐕췙켚STUDYHOOD_PROJECT\RHAPSODY\STUDYHOOD\Studyhood_rpy\Client.sbs on Monday, December 11, 2017 (09:34:51).-

12, 11, 2017 (09:34:52): Opening rpy file E:\CURR_PROJ_LINKS\1 환퍤휋\휋푚퐕췙켚STUDYHOOD_PROJECT\RHAPSODY\STUDYHOOD\Studyhood_rpy\DefaultComponent.cmp
12, 11, 2017 (09:34:52): 
 Started loading E:\CURR_PROJ_LINKS\1 환퍤휋\휋푚퐕췙켚STUDYHOOD_PROJECT\RHAPSODY\STUDYHOOD\Studyhood_rpy\DefaultComponent.cmp on Monday, December 11, 2017 (09:34:52).-

12, 11, 2017 (09:34:52): 

Starting inUnit resolution phase


12, 11, 2017 (09:34:52): 

Finished inUnit resolution phase


12, 11, 2017 (09:34:52): 
 Finished loading E:\CURR_PROJ_LINKS\1 환퍤휋\휋푚퐕췙켚STUDYHOOD_PROJECT\RHAPSODY\STUDYHOOD\Studyhood_rpy\DefaultComponent.cmp on Monday, December 11, 2017 (09:34:52).-

12, 11, 2017 (09:34:52): 

Starting inUnit resolution phase


12, 11, 2017 (09:34:52): 

Finished inUnit resolution phase


12, 11, 2017 (09:34:52): 

Starting inUnit resolution phase


12, 11, 2017 (09:34:52): 

Finished inUnit resolution phase


12, 11, 2017 (09:34:52): 

Starting inUnit resolution phase


12, 11, 2017 (09:34:52): 

Finished inUnit resolution phase


12, 11, 2017 (09:34:52): 
 Finished loading E:\CURR_PROJ_LINKS\1 환퍤휋\휋푚퐕췙켚STUDYHOOD_PROJECT\RHAPSODY\STUDYHOOD\Studyhood.rpy on Monday, December 11, 2017 (09:34:52).-

12, 11, 2017 (09:34:52): Starting checks of EventsBaseID conflicts
12, 11, 2017 (09:34:52): Finished checks of EventsBaseID conflicts
12, 11, 2017 (09:34:52): End Log
