12, 11, 2017 (09:36:07): Starting Pre-Save actions

12, 11, 2017 (09:36:07): Starting Dialogs Check/Save
12, 11, 2017 (09:36:07): Finished Dialogs Check/Save
12, 11, 2017 (09:36:07): Starting Controlled Files Resolution
12, 11, 2017 (09:36:07): Finished Controlled Files Resolution
12, 11, 2017 (09:36:07): Finished Pre-Save actions

12, 11, 2017 (09:36:07): Creating E:\CURR_PROJ_LINKS\1 환퍤휋\휋푚퐕췙켚STUDYHOOD_PROJECT\RHAPSODY\STUDYHOOD\Studyhood.rpy
12, 11, 2017 (09:36:07): 
Started writing E:\CURR_PROJ_LINKS\1 환퍤휋\휋푚퐕췙켚STUDYHOOD_PROJECT\RHAPSODY\STUDYHOOD\Studyhood.rpy on Monday, December 11, 2017 (09:36:07)

12, 11, 2017 (09:36:07): version 8.5.2
12, 11, 2017 (09:36:07): 
Started writing E:\CURR_PROJ_LINKS\1 환퍤휋\휋푚퐕췙켚STUDYHOOD_PROJECT\RHAPSODY\STUDYHOOD\Studyhood_rpy\filesTable.dat on Monday, December 11, 2017 (09:36:07)

12, 11, 2017 (09:36:08): Finished writing E:\CURR_PROJ_LINKS\1 환퍤휋\휋푚퐕췙켚STUDYHOOD_PROJECT\RHAPSODY\STUDYHOOD\Studyhood_rpy\filesTable.dat on Monday, December 11, 2017 (09:36:08)

12, 11, 2017 (09:36:08): Creating E:\CURR_PROJ_LINKS\1 환퍤휋\휋푚퐕췙켚STUDYHOOD_PROJECT\RHAPSODY\STUDYHOOD\Studyhood_rpy\Default.sbs
12, 11, 2017 (09:36:08): 
Started writing E:\CURR_PROJ_LINKS\1 환퍤휋\휋푚퐕췙켚STUDYHOOD_PROJECT\RHAPSODY\STUDYHOOD\Studyhood_rpy\Default.sbs on Monday, December 11, 2017 (09:36:08)

12, 11, 2017 (09:36:08): version 8.5.2
12, 11, 2017 (09:36:08): Finished writing E:\CURR_PROJ_LINKS\1 환퍤휋\휋푚퐕췙켚STUDYHOOD_PROJECT\RHAPSODY\STUDYHOOD\Studyhood_rpy\Default.sbs on Monday, December 11, 2017 (09:36:08)

12, 11, 2017 (09:36:08): Finished writing E:\CURR_PROJ_LINKS\1 환퍤휋\휋푚퐕췙켚STUDYHOOD_PROJECT\RHAPSODY\STUDYHOOD\Studyhood.rpy on Monday, December 11, 2017 (09:36:08)

12, 11, 2017 (09:36:08): End Log
